2023-03-15 22:27:34.604 [main] INFO  com.android.adminService.AdminApplication - Starting AdminApplication on android with PID 22740 (E:\IDEAProject\music-local\service\service_admin\target\classes started by 10231 in E:\IDEAProject\music-local)
2023-03-15 22:27:34.609 [main] INFO  com.android.adminService.AdminApplication - The following profiles are active: dev
2023-03-15 22:27:38.315 [main] INFO  o.s.boot.web.embedded.tomcat.TomcatWebServer - Tomcat initialized with port(s): 8001 (http)
2023-03-15 22:27:38.347 [main] INFO  org.apache.coyote.http11.Http11NioProtocol - Initializing ProtocolHandler ["http-nio-8001"]
2023-03-15 22:27:38.349 [main] INFO  org.apache.catalina.core.StandardService - Starting service [Tomcat]
2023-03-15 22:27:38.349 [main] INFO  org.apache.catalina.core.StandardEngine - Starting Servlet engine: [Apache Tomcat/9.0.35]
2023-03-15 22:27:38.803 [main] INFO  o.a.c.core.ContainerBase.[Tomcat].[localhost].[/] - Initializing Spring embedded WebApplicationContext
2023-03-15 22:27:38.803 [main] INFO  org.springframework.web.context.ContextLoader - Root WebApplicationContext: initialization completed in 3974 ms
2023-03-15 22:27:39.153 [main] INFO  com.zaxxer.hikari.HikariDataSource - HikariPool-1 - Starting...
2023-03-15 22:27:39.513 [main] INFO  com.zaxxer.hikari.HikariDataSource - HikariPool-1 - Start completed.
2023-03-15 22:27:40.831 [main] INFO  s.d.s.w.PropertySourcedRequestMappingHandlerMapping - Mapped URL path [/v2/api-docs] onto method [springfox.documentation.swagger2.web.Swagger2Controller#getDocumentation(String, HttpServletRequest)]
2023-03-15 22:27:40.930 [main] INFO  o.s.scheduling.concurrent.ThreadPoolTaskExecutor - Initializing ExecutorService 'applicationTaskExecutor'
2023-03-15 22:27:41.419 [main] INFO  org.apache.coyote.http11.Http11NioProtocol - Starting ProtocolHandler ["http-nio-8001"]
2023-03-15 22:27:41.512 [main] INFO  o.s.boot.web.embedded.tomcat.TomcatWebServer - Tomcat started on port(s): 8001 (http) with context path ''
2023-03-15 22:27:41.513 [main] INFO  s.d.s.web.plugins.DocumentationPluginsBootstrapper - Context refreshed
2023-03-15 22:27:41.532 [main] INFO  s.d.s.web.plugins.DocumentationPluginsBootstrapper - Found 1 custom documentation plugin(s)
2023-03-15 22:27:41.568 [main] INFO  s.d.spring.web.scanners.ApiListingReferenceScanner - Scanning for api listing references
2023-03-15 22:27:41.723 [main] INFO  s.d.s.w.r.operation.CachingOperationNameGenerator - Generating unique operation named: findAllUsingGET_1
2023-03-15 22:27:41.749 [main] INFO  s.d.s.w.r.operation.CachingOperationNameGenerator - Generating unique operation named: findAllUsingGET_2
2023-03-15 22:27:41.775 [main] INFO  s.d.s.w.r.operation.CachingOperationNameGenerator - Generating unique operation named: findAllUsingGET_3
2023-03-15 22:27:41.785 [main] INFO  s.d.s.w.r.operation.CachingOperationNameGenerator - Generating unique operation named: pageSongUsingGET_1
2023-03-15 22:27:41.804 [main] INFO  s.d.s.w.r.operation.CachingOperationNameGenerator - Generating unique operation named: findAllUsingGET_4
2023-03-15 22:27:41.829 [main] INFO  s.d.s.w.r.operation.CachingOperationNameGenerator - Generating unique operation named: findAllUsingGET_5
2023-03-15 22:27:41.844 [main] INFO  s.d.s.w.r.operation.CachingOperationNameGenerator - Generating unique operation named: pageSongUsingGET_2
2023-03-15 22:27:41.858 [main] INFO  s.d.s.w.r.operation.CachingOperationNameGenerator - Generating unique operation named: addSongListUsingPOST_1
2023-03-15 22:27:41.860 [main] INFO  s.d.s.w.r.operation.CachingOperationNameGenerator - Generating unique operation named: findAllUsingGET_6
2023-03-15 22:27:41.870 [main] INFO  s.d.s.w.r.operation.CachingOperationNameGenerator - Generating unique operation named: pageSongUsingGET_3
2023-03-15 22:27:41.873 [main] INFO  s.d.s.w.r.operation.CachingOperationNameGenerator - Generating unique operation named: pageSongConditionUsingPOST_1
2023-03-15 22:27:41.881 [main] INFO  s.d.s.w.r.operation.CachingOperationNameGenerator - Generating unique operation named: findAllUsingGET_7
2023-03-15 22:27:41.883 [main] INFO  s.d.s.w.r.operation.CachingOperationNameGenerator - Generating unique operation named: loginUsingPOST_1
2023-03-15 22:27:41.896 [main] INFO  s.d.s.w.r.operation.CachingOperationNameGenerator - Generating unique operation named: findAllUsingGET_8
2023-03-15 22:27:41.909 [main] INFO  s.d.s.w.r.operation.CachingOperationNameGenerator - Generating unique operation named: findAllUsingGET_9
2023-03-15 22:27:42.033 [main] INFO  com.android.adminService.AdminApplication - Started AdminApplication in 9.218 seconds (JVM running for 15.09)
2023-03-15 22:28:26.325 [main] INFO  com.android.adminService.AdminApplication - Starting AdminApplication on android with PID 22464 (E:\IDEAProject\music-local\service\service_admin\target\classes started by 10231 in E:\IDEAProject\music-local)
2023-03-15 22:28:26.345 [main] INFO  com.android.adminService.AdminApplication - The following profiles are active: dev
2023-03-15 22:28:28.481 [main] INFO  o.s.boot.web.embedded.tomcat.TomcatWebServer - Tomcat initialized with port(s): 8001 (http)
2023-03-15 22:28:28.492 [main] INFO  org.apache.coyote.http11.Http11NioProtocol - Initializing ProtocolHandler ["http-nio-8001"]
2023-03-15 22:28:28.493 [main] INFO  org.apache.catalina.core.StandardService - Starting service [Tomcat]
2023-03-15 22:28:28.493 [main] INFO  org.apache.catalina.core.StandardEngine - Starting Servlet engine: [Apache Tomcat/9.0.35]
2023-03-15 22:28:29.172 [main] INFO  o.a.c.core.ContainerBase.[Tomcat].[localhost].[/] - Initializing Spring embedded WebApplicationContext
2023-03-15 22:28:29.172 [main] INFO  org.springframework.web.context.ContextLoader - Root WebApplicationContext: initialization completed in 2783 ms
2023-03-15 22:28:29.388 [main] INFO  com.zaxxer.hikari.HikariDataSource - HikariPool-1 - Starting...
2023-03-15 22:28:29.518 [main] INFO  com.zaxxer.hikari.HikariDataSource - HikariPool-1 - Start completed.
2023-03-15 22:28:30.535 [main] INFO  s.d.s.w.PropertySourcedRequestMappingHandlerMapping - Mapped URL path [/v2/api-docs] onto method [springfox.documentation.swagger2.web.Swagger2Controller#getDocumentation(String, HttpServletRequest)]
2023-03-15 22:28:30.607 [main] INFO  o.s.scheduling.concurrent.ThreadPoolTaskExecutor - Initializing ExecutorService 'applicationTaskExecutor'
2023-03-15 22:28:30.778 [main] INFO  org.apache.coyote.http11.Http11NioProtocol - Starting ProtocolHandler ["http-nio-8001"]
2023-03-15 22:28:30.798 [main] INFO  o.s.boot.web.embedded.tomcat.TomcatWebServer - Tomcat started on port(s): 8001 (http) with context path ''
2023-03-15 22:28:30.798 [main] INFO  s.d.s.web.plugins.DocumentationPluginsBootstrapper - Context refreshed
2023-03-15 22:28:30.815 [main] INFO  s.d.s.web.plugins.DocumentationPluginsBootstrapper - Found 1 custom documentation plugin(s)
2023-03-15 22:28:30.850 [main] INFO  s.d.spring.web.scanners.ApiListingReferenceScanner - Scanning for api listing references
2023-03-15 22:28:30.990 [main] INFO  s.d.s.w.r.operation.CachingOperationNameGenerator - Generating unique operation named: findAllUsingGET_1
2023-03-15 22:28:31.017 [main] INFO  s.d.s.w.r.operation.CachingOperationNameGenerator - Generating unique operation named: findAllUsingGET_2
2023-03-15 22:28:31.044 [main] INFO  s.d.s.w.r.operation.CachingOperationNameGenerator - Generating unique operation named: findAllUsingGET_3
2023-03-15 22:28:31.056 [main] INFO  s.d.s.w.r.operation.CachingOperationNameGenerator - Generating unique operation named: pageSongUsingGET_1
2023-03-15 22:28:31.072 [main] INFO  s.d.s.w.r.operation.CachingOperationNameGenerator - Generating unique operation named: findAllUsingGET_4
2023-03-15 22:28:31.098 [main] INFO  s.d.s.w.r.operation.CachingOperationNameGenerator - Generating unique operation named: findAllUsingGET_5
2023-03-15 22:28:31.112 [main] INFO  s.d.s.w.r.operation.CachingOperationNameGenerator - Generating unique operation named: pageSongUsingGET_2
2023-03-15 22:28:31.125 [main] INFO  s.d.s.w.r.operation.CachingOperationNameGenerator - Generating unique operation named: addSongListUsingPOST_1
2023-03-15 22:28:31.127 [main] INFO  s.d.s.w.r.operation.CachingOperationNameGenerator - Generating unique operation named: findAllUsingGET_6
2023-03-15 22:28:31.136 [main] INFO  s.d.s.w.r.operation.CachingOperationNameGenerator - Generating unique operation named: pageSongUsingGET_3
2023-03-15 22:28:31.138 [main] INFO  s.d.s.w.r.operation.CachingOperationNameGenerator - Generating unique operation named: pageSongConditionUsingPOST_1
2023-03-15 22:28:31.145 [main] INFO  s.d.s.w.r.operation.CachingOperationNameGenerator - Generating unique operation named: findAllUsingGET_7
2023-03-15 22:28:31.147 [main] INFO  s.d.s.w.r.operation.CachingOperationNameGenerator - Generating unique operation named: loginUsingPOST_1
2023-03-15 22:28:31.159 [main] INFO  s.d.s.w.r.operation.CachingOperationNameGenerator - Generating unique operation named: findAllUsingGET_8
2023-03-15 22:28:31.174 [main] INFO  s.d.s.w.r.operation.CachingOperationNameGenerator - Generating unique operation named: findAllUsingGET_9
2023-03-15 22:28:31.200 [main] INFO  com.android.adminService.AdminApplication - Started AdminApplication in 5.616 seconds (JVM running for 8.718)
2023-03-15 22:29:23.756 [http-nio-8001-exec-4] INFO  o.a.c.core.ContainerBase.[Tomcat].[localhost].[/] - Initializing Spring DispatcherServlet 'dispatcherServlet'
2023-03-15 22:29:23.757 [http-nio-8001-exec-4] INFO  org.springframework.web.servlet.DispatcherServlet - Initializing Servlet 'dispatcherServlet'
2023-03-15 22:29:23.769 [http-nio-8001-exec-4] INFO  org.springframework.web.servlet.DispatcherServlet - Completed initialization in 12 ms
